Update at 2025-04-18 16:13:42
Submodule: Backend
Author: Michał Rymarski
Commit message: Update main-repo-sync.yml
----------------------------------------
Update at 2025-04-19 12:43:44
Submodule: Backend
Author: Michał Rymarski
Commit message: Update main-repo-sync to sync on pushes on main
----------------------------------------
Update at 2025-04-19 16:13:48
Submodule: Backend
Author: Michał Rymarski
Commit message: Update main-repo-sync to sync on pushes on main
----------------------------------------
Update at 2025-04-20 07:59:35
Submodule: Backend
Author: MichalRymarski
Commit message: Merge remote-tracking branch 'origin/main'
----------------------------------------
Update at 2025-04-20 08:00:50
Submodule: Backend
Author: Michał Rymarski
Commit message: Update run-tests.yml
----------------------------------------
Update at 2025-04-20 08:07:16
Submodule: Backend
Author: MichalRymarski
Commit message: Merge remote-tracking branch 'origin/main'
----------------------------------------
