Update at 2025-04-18 16:29:44
Submodule: Frontend
Author: Michał Rymarski
Commit message: Update main.yml
----------------------------------------
Update at 2025-04-19 16:29:19
Submodule: Frontend
Author: Michał Rymarski
Commit message: Update main.yml
----------------------------------------
Update at 2025-04-20 14:21:38
Submodule: Frontend
Author: Michał Rymarski
Commit message: Update main.yml so it will sync with main repo on push
----------------------------------------
Update at 2025-04-20 16:27:38
Submodule: Frontend
Author: Michał Rymarski
Commit message: Update main.yml so it will sync with main repo on push
----------------------------------------
Update at 2025-04-21 16:31:34
Submodule: Frontend
Author: Michał Rymarski
Commit message: Update main.yml so it will sync with main repo on push
----------------------------------------
Update at 2025-04-22 16:31:16
Submodule: Frontend
Author: Michał Rymarski
Commit message: Update main.yml so it will sync with main repo on push
----------------------------------------
Update at 2025-04-23 16:32:22
Submodule: Frontend
Author: Michał Rymarski
Commit message: Update main.yml so it will sync with main repo on push
----------------------------------------
Update at 2025-04-24 15:02:57
Submodule: Frontend
Author: Michał Rymarski
Commit message: Merge pull request #4 from TeamProjectUMCS/SCRUM-52-Create-a-landing-page
----------------------------------------
Update at 2025-04-24 16:31:46
Submodule: Frontend
Author: Michał Rymarski
Commit message: Merge pull request #4 from TeamProjectUMCS/SCRUM-52-Create-a-landing-page
----------------------------------------
Update at 2025-04-25 16:30:47
Submodule: Frontend
Author: Michał Rymarski
Commit message: Merge pull request #4 from TeamProjectUMCS/SCRUM-52-Create-a-landing-page
----------------------------------------
Update at 2025-04-26 16:28:30
Submodule: Frontend
Author: Michał Rymarski
Commit message: Merge pull request #4 from TeamProjectUMCS/SCRUM-52-Create-a-landing-page
----------------------------------------
Update at 2025-04-27 16:28:21
Submodule: Frontend
Author: Michał Rymarski
Commit message: Merge pull request #4 from TeamProjectUMCS/SCRUM-52-Create-a-landing-page
----------------------------------------
Update at 2025-04-28 16:30:40
Submodule: Frontend
Author: Michał Rymarski
Commit message: Merge pull request #4 from TeamProjectUMCS/SCRUM-52-Create-a-landing-page
----------------------------------------
Update at 2025-04-29 16:24:16
Submodule: Frontend
Author: MichalRymarski
Commit message: devops : setup files for automatic deployment via google cloud run
----------------------------------------
Update at 2025-04-29 16:31:22
Submodule: Frontend
Author: MichalRymarski
Commit message: devops : setup files for automatic deployment via google cloud run
----------------------------------------
Update at 2025-04-29 16:32:23
Submodule: Frontend
Author: MichalRymarski
Commit message: devops : setup files for automatic deployment via google cloud run
----------------------------------------
Update at 2025-04-29 16:34:37
Submodule: Frontend
Author: MichalRymarski
Commit message: devops : setup files for automatic deployment via google cloud run
----------------------------------------
